2022-11-06T17:23:29.1653372 500 : [{"timestamp":"2022-11-06T23:23:29.133+00:00","status":500,"error":"Internal Server Error","message":"PreparedStatementCallback; SQL [UPDATE account SET account_id = ?, user_id = ?, balance = ? WHERE user_id = ?]; No value specified for parameter 2.; nested exception is org.postgresql.util.PSQLException: No value specified for parameter 2.","path":"/account/1001"}]
2022-11-06T17:23:29.2164718 500 : [{"timestamp":"2022-11-06T23:23:29.214+00:00","status":500,"error":"Internal Server Error","message":"PreparedStatementCallback; SQL [UPDATE account SET account_id = ?, user_id = ?, balance = ? WHERE user_id = ?]; No value specified for parameter 2.; nested exception is org.postgresql.util.PSQLException: No value specified for parameter 2.","path":"/account/1003"}]
2022-11-06T17:23:29.2630975 401 : [no body]
2022-11-06T17:23:29.2811063 401 : [no body]
2022-11-06T17:23:29.3072548 405 : [{"timestamp":"2022-11-06T23:23:29.306+00:00","status":405,"error":"Method Not Allowed","message":"Request method 'POST' not supported","path":"/transfer/"}]
2022-11-06T17:23:53.4192913 500 : [{"timestamp":"2022-11-06T23:23:53.417+00:00","status":500,"error":"Internal Server Error","message":"PreparedStatementCallback; SQL [UPDATE account SET account_id = ?, user_id = ?, balance = ? WHERE user_id = ?]; No value specified for parameter 2.; nested exception is org.postgresql.util.PSQLException: No value specified for parameter 2.","path":"/account/1001"}]
2022-11-06T17:23:53.4651622 500 : [{"timestamp":"2022-11-06T23:23:53.463+00:00","status":500,"error":"Internal Server Error","message":"PreparedStatementCallback; SQL [UPDATE account SET account_id = ?, user_id = ?, balance = ? WHERE user_id = ?]; No value specified for parameter 2.; nested exception is org.postgresql.util.PSQLException: No value specified for parameter 2.","path":"/account/1004"}]
2022-11-06T17:23:53.4916828 401 : [no body]
2022-11-06T17:23:53.5177868 401 : [no body]
2022-11-06T17:23:53.5381833 405 : [{"timestamp":"2022-11-06T23:23:53.536+00:00","status":405,"error":"Method Not Allowed","message":"Request method 'POST' not supported","path":"/transfer/"}]
2022-11-06T17:35:51.9075862 500 : [{"timestamp":"2022-11-06T23:35:51.891+00:00","status":500,"error":"Internal Server Error","message":"PreparedStatementCallback; SQL [UPDATE account SET account_id = ?, user_id = ?, balance = ? WHERE user_id = ?]; No value specified for parameter 2.; nested exception is org.postgresql.util.PSQLException: No value specified for parameter 2.","path":"/account/1005"}]
2022-11-06T17:35:51.9300284 500 : [{"timestamp":"2022-11-06T23:35:51.928+00:00","status":500,"error":"Internal Server Error","message":"PreparedStatementCallback; SQL [UPDATE account SET account_id = ?, user_id = ?, balance = ? WHERE user_id = ?]; No value specified for parameter 2.; nested exception is org.postgresql.util.PSQLException: No value specified for parameter 2.","path":"/account/1006"}]
2022-11-06T17:35:51.9507372 401 : [no body]
2022-11-06T17:35:51.9594561 401 : [no body]
2022-11-06T17:35:51.9859159 500 : [{"timestamp":"2022-11-06T23:35:51.983+00:00","status":500,"error":"Internal Server Error","message":"PreparedStatementCallback; SQL [INSERT INTO transfer (transfer_type_id, transfer_status_id, account... (691 bytes)]
2022-11-06T17:51:48.3250913 500 : [{"timestamp":"2022-11-06T23:51:48.305+00:00","status":500,"error":"Internal Server Error","message":"PreparedStatementCallback; SQL [UPDATE account SET account_id = ?, user_id = ?, balance = ? WHERE user_id = ?]; No value specified for parameter 2.; nested exception is org.postgresql.util.PSQLException: No value specified for parameter 2.","path":"/account/1005"}]
2022-11-06T17:51:48.3490826 500 : [{"timestamp":"2022-11-06T23:51:48.347+00:00","status":500,"error":"Internal Server Error","message":"PreparedStatementCallback; SQL [UPDATE account SET account_id = ?, user_id = ?, balance = ? WHERE user_id = ?]; No value specified for parameter 2.; nested exception is org.postgresql.util.PSQLException: No value specified for parameter 2.","path":"/account/1006"}]
2022-11-06T17:51:48.3669657 401 : [no body]
2022-11-06T17:51:48.3780625 401 : [no body]
2022-11-06T17:51:48.398958 500 : [{"timestamp":"2022-11-06T23:51:48.397+00:00","status":500,"error":"Internal Server Error","message":"PreparedStatementCallback; SQL [INSERT INTO transfer (transfer_type_id, transfer_status_id, account... (691 bytes)]
2022-11-06T17:56:00.5824478 401 : [{"timestamp":"2022-11-06T23:56:00.552+00:00","status":401,"error":"Unauthorized","message":"Full authentication is required to access this resource","path":"/user/"}]
2022-11-06T17:56:19.6277692 401 : [{"timestamp":"2022-11-06T23:56:19.610+00:00","status":401,"error":"Unauthorized","message":"Full authentication is required to access this resource","path":"/user/"}]
2022-11-06T17:57:34.5506132 500 : [{"timestamp":"2022-11-06T23:57:34.529+00:00","status":500,"error":"Internal Server Error","message":"PreparedStatementCallback; SQL [UPDATE account SET account_id = ?, user_id = ?, balance = ? WHERE user_id = ?]; No value specified for parameter 2.; nested exception is org.postgresql.util.PSQLException: No value specified for parameter 2.","path":"/account/1001"}]
2022-11-06T17:57:34.5809126 500 : [{"timestamp":"2022-11-06T23:57:34.579+00:00","status":500,"error":"Internal Server Error","message":"PreparedStatementCallback; SQL [UPDATE account SET account_id = ?, user_id = ?, balance = ? WHERE user_id = ?]; No value specified for parameter 2.; nested exception is org.postgresql.util.PSQLException: No value specified for parameter 2.","path":"/account/1002"}]
2022-11-06T17:57:34.6054277 401 : [no body]
2022-11-06T17:57:34.61786 401 : [no body]
2022-11-06T17:57:34.6342009 401 : [no body]
2022-11-06T17:58:09.051658 401 : [{"timestamp":"2022-11-06T23:58:09.047+00:00","status":401,"error":"Unauthorized","message":"Full authentication is required to access this resource","path":"/transfer/"}]
2022-11-06T17:58:09.0577826 401 : [{"timestamp":"2022-11-06T23:58:09.055+00:00","status":401,"error":"Unauthorized","message":"Full authentication is required to access this resource","path":"/transfer/"}]
2022-11-06T18:03:04.8174793 500 : [{"timestamp":"2022-11-07T00:03:04.781+00:00","status":500,"error":"Internal Server Error","message":"PreparedStatementCallback; SQL [UPDATE account SET account_id = ?, user_id = ?, balance = ? WHERE user_id = ?]; No value specified for parameter 2.; nested exception is org.postgresql.util.PSQLException: No value specified for parameter 2.","path":"/account/1001"}]
2022-11-06T18:03:14.4306269 500 : [{"timestamp":"2022-11-07T00:03:14.427+00:00","status":500,"error":"Internal Server Error","message":"PreparedStatementCallback; SQL [UPDATE account SET account_id = ?, user_id = ?, balance = ? WHERE user_id = ?]; No value specified for parameter 2.; nested exception is org.postgresql.util.PSQLException: No value specified for parameter 2.","path":"/account/1002"}]
2022-11-06T18:04:24.7077079 401 : [no body]
2022-11-06T18:04:24.7196187 401 : [no body]
2022-11-06T18:32:39.8674803 500 : [{"timestamp":"2022-11-07T00:32:39.856+00:00","status":500,"error":"Internal Server Error","message":"PreparedStatementCallback; SQL [UPDATE account SET account_id = ?, user_id = ?, balance = ? WHERE user_id = ?]; No value specified for parameter 2.; nested exception is org.postgresql.util.PSQLException: No value specified for parameter 2.","path":"/account/1001"}]
2022-11-06T18:32:39.8844142 500 : [{"timestamp":"2022-11-07T00:32:39.883+00:00","status":500,"error":"Internal Server Error","message":"PreparedStatementCallback; SQL [UPDATE account SET account_id = ?, user_id = ?, balance = ? WHERE user_id = ?]; No value specified for parameter 2.; nested exception is org.postgresql.util.PSQLException: No value specified for parameter 2.","path":"/account/1002"}]
2022-11-06T18:32:39.9038065 401 : [no body]
2022-11-06T18:32:39.9134551 401 : [no body]
2022-11-06T18:32:39.9250238 401 : [no body]
2022-11-06T18:33:26.5232614 401 : [{"timestamp":"2022-11-07T00:33:26.520+00:00","status":401,"error":"Unauthorized","message":"Full authentication is required to access this resource","path":"/transfer/"}]
2022-11-06T18:33:26.5366226 401 : [{"timestamp":"2022-11-07T00:33:26.532+00:00","status":401,"error":"Unauthorized","message":"Full authentication is required to access this resource","path":"/transfer/"}]
2022-11-06T18:43:23.7313795 I/O error on POST request for "http://localhost:8080/login": Connection refused: connect; nested exception is java.net.ConnectException: Connection refused: connect
2022-11-06T18:43:45.5815531 I/O error on POST request for "http://localhost:8080/login": Connection refused: connect; nested exception is java.net.ConnectException: Connection refused: connect
2022-11-06T18:49:06.2011885 500 : [{"timestamp":"2022-11-07T00:49:06.186+00:00","status":500,"error":"Internal Server Error","message":"PreparedStatementCallback; SQL [UPDATE account SET account_id = ?, user_id = ?, balance = ? WHERE user_id = ?]; No value specified for parameter 2.; nested exception is org.postgresql.util.PSQLException: No value specified for parameter 2.","path":"/account/1002"}]
2022-11-06T18:49:06.2232329 500 : [{"timestamp":"2022-11-07T00:49:06.221+00:00","status":500,"error":"Internal Server Error","message":"PreparedStatementCallback; SQL [UPDATE account SET account_id = ?, user_id = ?, balance = ? WHERE user_id = ?]; No value specified for parameter 2.; nested exception is org.postgresql.util.PSQLException: No value specified for parameter 2.","path":"/account/1001"}]
2022-11-06T18:49:06.2438501 401 : [no body]
2022-11-06T18:49:06.2538442 401 : [no body]
2022-11-06T18:49:06.2681398 401 : [no body]
2022-11-06T18:49:16.6067626 401 : [{"timestamp":"2022-11-07T00:49:16.603+00:00","status":401,"error":"Unauthorized","message":"Full authentication is required to access this resource","path":"/transfer/"}]
2022-11-06T18:49:16.6171426 401 : [{"timestamp":"2022-11-07T00:49:16.614+00:00","status":401,"error":"Unauthorized","message":"Full authentication is required to access this resource","path":"/transfer/"}]
2022-11-06T19:02:47.6496076 500 : [{"timestamp":"2022-11-07T01:02:47.639+00:00","status":500,"error":"Internal Server Error","message":"PreparedStatementCallback; SQL [UPDATE account SET account_id = ?, user_id = ?, balance = ? WHERE user_id = ?]; No value specified for parameter 2.; nested exception is org.postgresql.util.PSQLException: No value specified for parameter 2.","path":"/account/1001"}]
2022-11-06T19:02:47.6682277 500 : [{"timestamp":"2022-11-07T01:02:47.666+00:00","status":500,"error":"Internal Server Error","message":"PreparedStatementCallback; SQL [UPDATE account SET account_id = ?, user_id = ?, balance = ? WHERE user_id = ?]; No value specified for parameter 2.; nested exception is org.postgresql.util.PSQLException: No value specified for parameter 2.","path":"/account/1002"}]
2022-11-06T19:02:47.6912633 401 : [no body]
2022-11-06T19:02:47.698304 401 : [no body]
2022-11-06T19:02:47.7106289 401 : [no body]
2022-11-06T19:02:51.2981745 401 : [{"timestamp":"2022-11-07T01:02:51.294+00:00","status":401,"error":"Unauthorized","message":"Full authentication is required to access this resource","path":"/transfer/"}]
2022-11-06T19:02:51.3105974 401 : [{"timestamp":"2022-11-07T01:02:51.308+00:00","status":401,"error":"Unauthorized","message":"Full authentication is required to access this resource","path":"/transfer/"}]
2022-11-06T19:19:46.1852511 500 : [{"timestamp":"2022-11-07T01:19:46.031+00:00","status":500,"error":"Internal Server Error","message":"PreparedStatementCallback; SQL [UPDATE account SET account_id = ?, user_id = ?, balance = ? WHERE user_id = ?]; No value specified for parameter 2.; nested exception is org.postgresql.util.PSQLException: No value specified for parameter 2.","path":"/account/1001"}]
2022-11-06T19:19:46.9683032 500 : [{"timestamp":"2022-11-07T01:19:46.928+00:00","status":500,"error":"Internal Server Error","message":"PreparedStatementCallback; SQL [UPDATE account SET account_id = ?, user_id = ?, balance = ? WHERE user_id = ?]; No value specified for parameter 2.; nested exception is org.postgresql.util.PSQLException: No value specified for parameter 2.","path":"/account/1003"}]
2022-11-06T19:19:47.7069847 401 : [no body]
2022-11-06T19:19:48.164515 401 : [no body]
2022-11-06T19:35:21.4505279 401 : [no body]
2022-11-06T19:44:26.2580155 500 : [{"timestamp":"2022-11-07T01:44:26.239+00:00","status":500,"error":"Internal Server Error","message":"PreparedStatementCallback; SQL [UPDATE account SET account_id = ?, user_id = ?, balance = ? WHERE user_id = ?]; No value specified for parameter 2.; nested exception is org.postgresql.util.PSQLException: No value specified for parameter 2.","path":"/account/1001"}]
2022-11-06T19:44:26.2999495 500 : [{"timestamp":"2022-11-07T01:44:26.295+00:00","status":500,"error":"Internal Server Error","message":"PreparedStatementCallback; SQL [UPDATE account SET account_id = ?, user_id = ?, balance = ? WHERE user_id = ?]; No value specified for parameter 2.; nested exception is org.postgresql.util.PSQLException: No value specified for parameter 2.","path":"/account/1006"}]
2022-11-06T19:44:26.3426391 401 : [no body]
2022-11-06T19:44:26.3611663 401 : [no body]
2022-11-06T19:44:26.3827569 401 : [no body]
2022-11-06T19:45:34.6388805 401 : [{"timestamp":"2022-11-07T01:45:34.635+00:00","status":401,"error":"Unauthorized","message":"Full authentication is required to access this resource","path":"/transfer/"}]
2022-11-06T19:45:34.6448817 401 : [{"timestamp":"2022-11-07T01:45:34.643+00:00","status":401,"error":"Unauthorized","message":"Full authentication is required to access this resource","path":"/transfer/"}]
2022-11-06T19:51:17.8619273 500 : [{"timestamp":"2022-11-07T01:51:17.838+00:00","status":500,"error":"Internal Server Error","message":"PreparedStatementCallback; SQL [UPDATE account SET account_id = ?, user_id = ?, balance = ? WHERE user_id = ?]; No value specified for parameter 2.; nested exception is org.postgresql.util.PSQLException: No value specified for parameter 2.","path":"/account/1002"}]
2022-11-06T19:51:17.893744 500 : [{"timestamp":"2022-11-07T01:51:17.887+00:00","status":500,"error":"Internal Server Error","message":"PreparedStatementCallback; SQL [UPDATE account SET account_id = ?, user_id = ?, balance = ? WHERE user_id = ?]; No value specified for parameter 2.; nested exception is org.postgresql.util.PSQLException: No value specified for parameter 2.","path":"/account/1001"}]
2022-11-06T19:51:17.914934 401 : [no body]
2022-11-06T19:51:17.9350835 401 : [no body]
2022-11-06T19:55:20.4819497 500 : [{"timestamp":"2022-11-07T01:55:20.457+00:00","status":500,"error":"Internal Server Error","message":"PreparedStatementCallback; SQL [UPDATE account SET balance = ? WHERE user_id = ?]; No value specified for parameter 2.; nested exception is org.postgresql.util.PSQLException: No value specified for parameter 2.","path":"/account/1001"}]
2022-11-06T19:55:20.5256622 500 : [{"timestamp":"2022-11-07T01:55:20.524+00:00","status":500,"error":"Internal Server Error","message":"PreparedStatementCallback; SQL [UPDATE account SET balance = ? WHERE user_id = ?]; No value specified for parameter 2.; nested exception is org.postgresql.util.PSQLException: No value specified for parameter 2.","path":"/account/1002"}]
2022-11-06T19:55:20.5575606 401 : [no body]
2022-11-06T19:55:20.5765518 401 : [no body]
2022-11-06T19:55:56.2605583 500 : [{"timestamp":"2022-11-07T01:55:56.257+00:00","status":500,"error":"Internal Server Error","message":"PreparedStatementCallback; SQL [UPDATE account SET balance = ? WHERE user_id = ?]; No value specified for parameter 2.; nested exception is org.postgresql.util.PSQLException: No value specified for parameter 2.","path":"/account/1001"}]
2022-11-06T19:55:56.2838888 500 : [{"timestamp":"2022-11-07T01:55:56.282+00:00","status":500,"error":"Internal Server Error","message":"PreparedStatementCallback; SQL [UPDATE account SET balance = ? WHERE user_id = ?]; No value specified for parameter 2.; nested exception is org.postgresql.util.PSQLException: No value specified for parameter 2.","path":"/account/1002"}]
2022-11-06T19:55:56.297002 401 : [no body]
2022-11-06T19:55:56.3049296 401 : [no body]
2022-11-06T20:01:03.9619184 500 : [{"timestamp":"2022-11-07T02:01:03.945+00:00","status":500,"error":"Internal Server Error","message":"PreparedStatementCallback; SQL [UPDATE account SET balance = ? WHERE user_id = ?]; No value specified for parameter 2.; nested exception is org.postgresql.util.PSQLException: No value specified for parameter 2.","path":"/account/1001"}]
2022-11-06T20:01:03.9883405 500 : [{"timestamp":"2022-11-07T02:01:03.986+00:00","status":500,"error":"Internal Server Error","message":"PreparedStatementCallback; SQL [UPDATE account SET balance = ? WHERE user_id = ?]; No value specified for parameter 2.; nested exception is org.postgresql.util.PSQLException: No value specified for parameter 2.","path":"/account/1003"}]
2022-11-06T20:01:04.003939 401 : [no body]
2022-11-06T20:01:04.0104957 401 : [no body]
2022-11-06T20:38:05.2509044 500 : [{"timestamp":"2022-11-07T02:38:05.230+00:00","status":500,"error":"Internal Server Error","message":"PreparedStatementCallback; SQL [UPDATE account SET balance = ? WHERE user_id = ?]; No value specified for parameter 2.; nested exception is org.postgresql.util.PSQLException: No value specified for parameter 2.","path":"/account/1001"}]
2022-11-06T20:38:05.2770182 500 : [{"timestamp":"2022-11-07T02:38:05.274+00:00","status":500,"error":"Internal Server Error","message":"PreparedStatementCallback; SQL [UPDATE account SET balance = ? WHERE user_id = ?]; No value specified for parameter 2.; nested exception is org.postgresql.util.PSQLException: No value specified for parameter 2.","path":"/account/1002"}]
2022-11-06T20:38:05.30538 401 : [no body]
2022-11-06T20:38:05.3186489 401 : [no body]
2022-11-06T20:38:11.1015265 500 : [{"timestamp":"2022-11-07T02:38:11.100+00:00","status":500,"error":"Internal Server Error","message":"Missing URI template variable 'user_id' for method parameter of type int","path":"/user/2002"}]
2022-11-06T20:38:11.1085103 500 : [{"timestamp":"2022-11-07T02:38:11.107+00:00","status":500,"error":"Internal Server Error","message":"Missing URI template variable 'user_id' for method parameter of type int","path":"/user/2001"}]
2022-11-06T20:38:11.128807 500 : [{"timestamp":"2022-11-07T02:38:11.126+00:00","status":500,"error":"Internal Server Error","message":"Missing URI template variable 'user_id' for method parameter of type int","path":"/user/2001"}]
2022-11-06T20:38:11.1388176 500 : [{"timestamp":"2022-11-07T02:38:11.137+00:00","status":500,"error":"Internal Server Error","message":"Missing URI template variable 'user_id' for method parameter of type int","path":"/user/2001"}]
2022-11-06T20:38:11.1502826 500 : [{"timestamp":"2022-11-07T02:38:11.149+00:00","status":500,"error":"Internal Server Error","message":"Missing URI template variable 'user_id' for method parameter of type int","path":"/user/2001"}]
2022-11-06T20:38:11.1683351 500 : [{"timestamp":"2022-11-07T02:38:11.166+00:00","status":500,"error":"Internal Server Error","message":"Missing URI template variable 'user_id' for method parameter of type int","path":"/user/2002"}]
2022-11-06T20:38:11.1764525 500 : [{"timestamp":"2022-11-07T02:38:11.175+00:00","status":500,"error":"Internal Server Error","message":"Missing URI template variable 'user_id' for method parameter of type int","path":"/user/2001"}]
2022-11-06T20:38:11.1844511 500 : [{"timestamp":"2022-11-07T02:38:11.183+00:00","status":500,"error":"Internal Server Error","message":"Missing URI template variable 'user_id' for method parameter of type int","path":"/user/2001"}]
2022-11-06T20:38:11.1982144 500 : [{"timestamp":"2022-11-07T02:38:11.197+00:00","status":500,"error":"Internal Server Error","message":"Missing URI template variable 'user_id' for method parameter of type int","path":"/user/2001"}]
2022-11-06T20:38:11.2088209 500 : [{"timestamp":"2022-11-07T02:38:11.206+00:00","status":500,"error":"Internal Server Error","message":"Missing URI template variable 'user_id' for method parameter of type int","path":"/user/2001"}]
2022-11-06T20:39:28.4446158 500 : [{"timestamp":"2022-11-07T02:39:28.429+00:00","status":500,"error":"Internal Server Error","message":"Missing URI template variable 'user_id' for method parameter of type int","path":"/user/2002"}]
2022-11-06T20:39:28.4718364 500 : [{"timestamp":"2022-11-07T02:39:28.470+00:00","status":500,"error":"Internal Server Error","message":"Missing URI template variable 'user_id' for method parameter of type int","path":"/user/2001"}]
2022-11-06T20:39:28.4813643 500 : [{"timestamp":"2022-11-07T02:39:28.480+00:00","status":500,"error":"Internal Server Error","message":"Missing URI template variable 'user_id' for method parameter of type int","path":"/user/2001"}]
2022-11-06T20:39:28.4883663 500 : [{"timestamp":"2022-11-07T02:39:28.487+00:00","status":500,"error":"Internal Server Error","message":"Missing URI template variable 'user_id' for method parameter of type int","path":"/user/2001"}]
2022-11-06T20:39:28.497945 500 : [{"timestamp":"2022-11-07T02:39:28.496+00:00","status":500,"error":"Internal Server Error","message":"Missing URI template variable 'user_id' for method parameter of type int","path":"/user/2001"}]
2022-11-06T20:39:28.5276202 500 : [{"timestamp":"2022-11-07T02:39:28.525+00:00","status":500,"error":"Internal Server Error","message":"Missing URI template variable 'user_id' for method parameter of type int","path":"/user/2002"}]
2022-11-06T20:39:28.5376194 500 : [{"timestamp":"2022-11-07T02:39:28.536+00:00","status":500,"error":"Internal Server Error","message":"Missing URI template variable 'user_id' for method parameter of type int","path":"/user/2001"}]
2022-11-06T20:39:28.5451649 500 : [{"timestamp":"2022-11-07T02:39:28.544+00:00","status":500,"error":"Internal Server Error","message":"Missing URI template variable 'user_id' for method parameter of type int","path":"/user/2001"}]
2022-11-06T20:39:28.5542377 500 : [{"timestamp":"2022-11-07T02:39:28.552+00:00","status":500,"error":"Internal Server Error","message":"Missing URI template variable 'user_id' for method parameter of type int","path":"/user/2001"}]
2022-11-06T20:39:28.5631157 500 : [{"timestamp":"2022-11-07T02:39:28.562+00:00","status":500,"error":"Internal Server Error","message":"Missing URI template variable 'user_id' for method parameter of type int","path":"/user/2001"}]
2022-11-06T20:40:39.7775821 500 : [{"timestamp":"2022-11-07T02:40:39.776+00:00","status":500,"error":"Internal Server Error","message":"Missing URI template variable 'transferId' for method parameter of type int","path":"/transfer/3007"}]
2022-11-06T21:22:05.2715486 500 : [{"timestamp":"2022-11-07T03:22:05.256+00:00","status":500,"error":"Internal Server Error","message":"Missing URI template variable 'user_id' for method parameter of type int","path":"/user/2002"}]
2022-11-06T21:22:05.2840828 500 : [{"timestamp":"2022-11-07T03:22:05.283+00:00","status":500,"error":"Internal Server Error","message":"Missing URI template variable 'user_id' for method parameter of type int","path":"/user/2001"}]
2022-11-06T21:22:05.290568 500 : [{"timestamp":"2022-11-07T03:22:05.289+00:00","status":500,"error":"Internal Server Error","message":"Missing URI template variable 'user_id' for method parameter of type int","path":"/user/2001"}]
2022-11-06T21:22:05.2975677 500 : [{"timestamp":"2022-11-07T03:22:05.296+00:00","status":500,"error":"Internal Server Error","message":"Missing URI template variable 'user_id' for method parameter of type int","path":"/user/2001"}]
2022-11-06T21:22:05.305158 500 : [{"timestamp":"2022-11-07T03:22:05.303+00:00","status":500,"error":"Internal Server Error","message":"Missing URI template variable 'user_id' for method parameter of type int","path":"/user/2001"}]
2022-11-06T21:22:05.3245318 500 : [{"timestamp":"2022-11-07T03:22:05.323+00:00","status":500,"error":"Internal Server Error","message":"Missing URI template variable 'user_id' for method parameter of type int","path":"/user/2002"}]
2022-11-06T21:22:05.3338409 500 : [{"timestamp":"2022-11-07T03:22:05.332+00:00","status":500,"error":"Internal Server Error","message":"Missing URI template variable 'user_id' for method parameter of type int","path":"/user/2001"}]
2022-11-06T21:22:05.3412818 500 : [{"timestamp":"2022-11-07T03:22:05.340+00:00","status":500,"error":"Internal Server Error","message":"Missing URI template variable 'user_id' for method parameter of type int","path":"/user/2001"}]
2022-11-06T21:22:05.3495837 500 : [{"timestamp":"2022-11-07T03:22:05.348+00:00","status":500,"error":"Internal Server Error","message":"Missing URI template variable 'user_id' for method parameter of type int","path":"/user/2001"}]
2022-11-06T21:22:05.3545836 500 : [{"timestamp":"2022-11-07T03:22:05.353+00:00","status":500,"error":"Internal Server Error","message":"Missing URI template variable 'user_id' for method parameter of type int","path":"/user/2001"}]
2022-11-06T21:22:09.7053291 500 : [{"timestamp":"2022-11-07T03:22:09.703+00:00","status":500,"error":"Internal Server Error","message":"Missing URI template variable 'user_id' for method parameter of type int","path":"/user/2001"}]
2022-11-06T21:23:24.3928017 500 : [{"timestamp":"2022-11-07T03:23:24.381+00:00","status":500,"error":"Internal Server Error","message":"Missing URI template variable 'user_id' for method parameter of type int","path":"/user/2002"}]
2022-11-06T21:23:24.4076841 500 : [{"timestamp":"2022-11-07T03:23:24.406+00:00","status":500,"error":"Internal Server Error","message":"Missing URI template variable 'user_id' for method parameter of type int","path":"/user/2001"}]
2022-11-06T21:23:24.4197306 500 : [{"timestamp":"2022-11-07T03:23:24.418+00:00","status":500,"error":"Internal Server Error","message":"Missing URI template variable 'user_id' for method parameter of type int","path":"/user/2001"}]
2022-11-06T21:23:24.4313265 500 : [{"timestamp":"2022-11-07T03:23:24.430+00:00","status":500,"error":"Internal Server Error","message":"Missing URI template variable 'user_id' for method parameter of type int","path":"/user/2001"}]
2022-11-06T21:23:24.4378691 500 : [{"timestamp":"2022-11-07T03:23:24.436+00:00","status":500,"error":"Internal Server Error","message":"Missing URI template variable 'user_id' for method parameter of type int","path":"/user/2001"}]
2022-11-06T21:23:24.4515997 500 : [{"timestamp":"2022-11-07T03:23:24.450+00:00","status":500,"error":"Internal Server Error","message":"Missing URI template variable 'user_id' for method parameter of type int","path":"/user/2002"}]
2022-11-06T21:23:24.4585145 500 : [{"timestamp":"2022-11-07T03:23:24.457+00:00","status":500,"error":"Internal Server Error","message":"Missing URI template variable 'user_id' for method parameter of type int","path":"/user/2001"}]
2022-11-06T21:23:24.4665158 500 : [{"timestamp":"2022-11-07T03:23:24.465+00:00","status":500,"error":"Internal Server Error","message":"Missing URI template variable 'user_id' for method parameter of type int","path":"/user/2001"}]
2022-11-06T21:23:24.4725164 500 : [{"timestamp":"2022-11-07T03:23:24.471+00:00","status":500,"error":"Internal Server Error","message":"Missing URI template variable 'user_id' for method parameter of type int","path":"/user/2001"}]
2022-11-06T21:23:24.4801041 500 : [{"timestamp":"2022-11-07T03:23:24.479+00:00","status":500,"error":"Internal Server Error","message":"Missing URI template variable 'user_id' for method parameter of type int","path":"/user/2001"}]
2022-11-06T21:26:19.8712938 500 : [{"timestamp":"2022-11-07T03:26:19.859+00:00","status":500,"error":"Internal Server Error","message":"Missing URI template variable 'user_id' for method parameter of type int","path":"/user/2002"}]
2022-11-06T21:26:19.8841111 500 : [{"timestamp":"2022-11-07T03:26:19.883+00:00","status":500,"error":"Internal Server Error","message":"Missing URI template variable 'user_id' for method parameter of type int","path":"/user/2001"}]
2022-11-06T21:26:19.8933789 500 : [{"timestamp":"2022-11-07T03:26:19.892+00:00","status":500,"error":"Internal Server Error","message":"Missing URI template variable 'user_id' for method parameter of type int","path":"/user/2001"}]
2022-11-06T21:26:19.9010814 500 : [{"timestamp":"2022-11-07T03:26:19.899+00:00","status":500,"error":"Internal Server Error","message":"Missing URI template variable 'user_id' for method parameter of type int","path":"/user/2001"}]
2022-11-06T21:26:19.9119603 500 : [{"timestamp":"2022-11-07T03:26:19.908+00:00","status":500,"error":"Internal Server Error","message":"Missing URI template variable 'user_id' for method parameter of type int","path":"/user/2001"}]
2022-11-06T21:26:19.9242839 500 : [{"timestamp":"2022-11-07T03:26:19.923+00:00","status":500,"error":"Internal Server Error","message":"Missing URI template variable 'user_id' for method parameter of type int","path":"/user/2002"}]
2022-11-06T21:26:19.931122 500 : [{"timestamp":"2022-11-07T03:26:19.929+00:00","status":500,"error":"Internal Server Error","message":"Missing URI template variable 'user_id' for method parameter of type int","path":"/user/2001"}]
2022-11-06T21:26:19.938484 500 : [{"timestamp":"2022-11-07T03:26:19.937+00:00","status":500,"error":"Internal Server Error","message":"Missing URI template variable 'user_id' for method parameter of type int","path":"/user/2001"}]
2022-11-06T21:26:19.945209 500 : [{"timestamp":"2022-11-07T03:26:19.944+00:00","status":500,"error":"Internal Server Error","message":"Missing URI template variable 'user_id' for method parameter of type int","path":"/user/2001"}]
2022-11-06T21:26:19.9533402 500 : [{"timestamp":"2022-11-07T03:26:19.952+00:00","status":500,"error":"Internal Server Error","message":"Missing URI template variable 'user_id' for method parameter of type int","path":"/user/2001"}]
2022-11-06T21:54:38.9924244 401 : [{"timestamp":"2022-11-07T03:54:38.977+00:00","status":401,"error":"Unauthorized","message":"Full authentication is required to access this resource","path":"/account/"}]
2022-11-06T21:54:39.0069043 500 : [{"timestamp":"2022-11-07T03:54:39.003+00:00","status":500,"error":"Internal Server Error","message":"Missing URI template variable 'user_id' for method parameter of type int","path":"/user/0"}]
2022-11-06T21:57:35.1973395 401 : [{"timestamp":"2022-11-07T03:57:35.171+00:00","status":401,"error":"Unauthorized","message":"Full authentication is required to access this resource","path":"/account/"}]
2022-11-06T21:57:35.217474 500 : [{"timestamp":"2022-11-07T03:57:35.212+00:00","status":500,"error":"Internal Server Error","message":"Missing URI template variable 'user_id' for method parameter of type int","path":"/user/0"}]
2022-11-06T22:02:33.7426887 401 : [{"timestamp":"2022-11-07T04:02:33.717+00:00","status":401,"error":"Unauthorized","message":"Full authentication is required to access this resource","path":"/account/"}]
2022-11-06T22:02:33.7551667 500 : [{"timestamp":"2022-11-07T04:02:33.752+00:00","status":500,"error":"Internal Server Error","message":"Missing URI template variable 'user_id' for method parameter of type int","path":"/user/0"}]
2022-11-06T22:05:19.0939399 401 : [{"timestamp":"2022-11-07T04:05:19.078+00:00","status":401,"error":"Unauthorized","message":"Full authentication is required to access this resource","path":"/account/"}]
2022-11-06T22:05:19.1112788 500 : [{"timestamp":"2022-11-07T04:05:19.107+00:00","status":500,"error":"Internal Server Error","message":"Missing URI template variable 'user_id' for method parameter of type int","path":"/user/0"}]
2022-11-06T22:07:52.1210184 401 : [{"timestamp":"2022-11-07T04:07:52.062+00:00","status":401,"error":"Unauthorized","message":"Full authentication is required to access this resource","path":"/account/"}]
2022-11-06T22:09:47.1422566 500 : [{"timestamp":"2022-11-07T04:09:45.034+00:00","status":500,"error":"Internal Server Error","message":"Missing URI template variable 'user_id' for method parameter of type int","path":"/user/0"}]
2022-11-06T23:05:46.7289121 500 : [{"timestamp":"2022-11-07T05:05:46.712+00:00","status":500,"error":"Internal Server Error","message":"Missing URI template variable 'user_id' for method parameter of type int","path":"/user/1002"}]
2022-11-06T23:06:39.7480955 500 : [{"timestamp":"2022-11-07T05:06:39.735+00:00","status":500,"error":"Internal Server Error","message":"Missing URI template variable 'user_id' for method parameter of type int","path":"/user/1002"}]
2022-11-06T23:07:07.726752 401 : [no body]
2022-11-06T23:09:40.4834999 500 : [{"timestamp":"2022-11-07T05:09:40.430+00:00","status":500,"error":"Internal Server Error","message":"Missing URI template variable 'user_id' for method parameter of type int","path":"/user/1002"}]
2022-11-06T23:15:06.0991228 500 : [{"timestamp":"2022-11-07T05:15:06.084+00:00","status":500,"error":"Internal Server Error","message":"Missing URI template variable 'user_id' for method parameter of type int","path":"/user/1002"}]
2022-11-06T23:15:06.1164214 500 : [{"timestamp":"2022-11-07T05:15:06.115+00:00","status":500,"error":"Internal Server Error","message":"Missing URI template variable 'user_id' for method parameter of type int","path":"/user/1002"}]
2022-11-06T23:15:06.130328 500 : [{"timestamp":"2022-11-07T05:15:06.129+00:00","status":500,"error":"Internal Server Error","message":"Missing URI template variable 'user_id' for method parameter of type int","path":"/user/1002"}]
2022-11-06T23:15:06.1444689 500 : [{"timestamp":"2022-11-07T05:15:06.143+00:00","status":500,"error":"Internal Server Error","message":"Missing URI template variable 'user_id' for method parameter of type int","path":"/user/1003"}]
2022-11-06T23:15:06.1566157 500 : [{"timestamp":"2022-11-07T05:15:06.155+00:00","status":500,"error":"Internal Server Error","message":"Missing URI template variable 'user_id' for method parameter of type int","path":"/user/1002"}]
2022-11-06T23:15:06.1738624 500 : [{"timestamp":"2022-11-07T05:15:06.172+00:00","status":500,"error":"Internal Server Error","message":"Missing URI template variable 'user_id' for method parameter of type int","path":"/user/1002"}]
2022-11-06T23:15:06.184748 500 : [{"timestamp":"2022-11-07T05:15:06.183+00:00","status":500,"error":"Internal Server Error","message":"Missing URI template variable 'user_id' for method parameter of type int","path":"/user/1002"}]
2022-11-06T23:15:06.1978319 500 : [{"timestamp":"2022-11-07T05:15:06.196+00:00","status":500,"error":"Internal Server Error","message":"Missing URI template variable 'user_id' for method parameter of type int","path":"/user/1002"}]
2022-11-06T23:15:06.2084751 500 : [{"timestamp":"2022-11-07T05:15:06.207+00:00","status":500,"error":"Internal Server Error","message":"Missing URI template variable 'user_id' for method parameter of type int","path":"/user/1003"}]
2022-11-06T23:15:06.2235676 500 : [{"timestamp":"2022-11-07T05:15:06.222+00:00","status":500,"error":"Internal Server Error","message":"Missing URI template variable 'user_id' for method parameter of type int","path":"/user/1002"}]
2022-11-06T23:17:36.2487524 500 : [{"timestamp":"2022-11-07T05:17:34.621+00:00","status":500,"error":"Internal Server Error","message":"Missing URI template variable 'user_id' for method parameter of type int","path":"/user/1002"}]
2022-11-06T23:19:44.3222433 500 : [{"timestamp":"2022-11-07T05:19:44.319+00:00","status":500,"error":"Internal Server Error","message":"Missing URI template variable 'user_id' for method parameter of type int","path":"/user/1002"}]
2022-11-06T23:29:02.2056477 500 : [{"timestamp":"2022-11-07T05:29:02.192+00:00","status":500,"error":"Internal Server Error","message":"PreparedStatementCallback; SQL [UPDATE account SET balance = ? WHERE user_id = ?]; No value specified for parameter 2.; nested exception is org.postgresql.util.PSQLException: No value specified for parameter 2.","path":"/account/1005"}]
2022-11-06T23:29:02.2229666 500 : [{"timestamp":"2022-11-07T05:29:02.221+00:00","status":500,"error":"Internal Server Error","message":"PreparedStatementCallback; SQL [UPDATE account SET balance = ? WHERE user_id = ?]; No value specified for parameter 2.; nested exception is org.postgresql.util.PSQLException: No value specified for parameter 2.","path":"/account/1006"}]
2022-11-06T23:29:02.2365167 500 : [{"timestamp":"2022-11-07T05:29:02.235+00:00","status":500,"error":"Internal Server Error","message":"PreparedStatementCallback; SQL [UPDATE account SET balance = ? WHERE user_id = ?]; No value specified for parameter 2.; nested exception is org.postgresql.util.PSQLException: No value specified for parameter 2.","path":"/account/1005"}]
2022-11-06T23:29:02.2496341 500 : [{"timestamp":"2022-11-07T05:29:02.247+00:00","status":500,"error":"Internal Server Error","message":"PreparedStatementCallback; SQL [UPDATE account SET balance = ? WHERE user_id = ?]; No value specified for parameter 2.; nested exception is org.postgresql.util.PSQLException: No value specified for parameter 2.","path":"/account/1006"}]
2022-11-06T23:40:55.177507 404 : [{"timestamp":"2022-11-07T05:40:55.167+00:00","status":404,"error":"Not Found","message":"User Not Found","path":"/user/2005"}]
2022-11-06T23:40:55.1865733 404 : [{"timestamp":"2022-11-07T05:40:55.183+00:00","status":404,"error":"Not Found","message":"User Not Found","path":"/user/2006"}]
